2025-07-09T00:03:01.340-05:00  WARN 6293 --- [spring-boot-3-spring-security-different-pw-algorithm-poc] [HikariPool-1:housekeeper] com.zaxxer.hikari.pool.HikariPool        : HikariPool-1 - Thread starvation or clock leap detected (housekeeper delta=7m32s104ms).
2025-07-09T00:20:44.415-05:00  WARN 6293 --- [spring-boot-3-spring-security-different-pw-algorithm-poc] [HikariPool-1:housekeeper] com.zaxxer.hikari.pool.HikariPool        : HikariPool-1 - Thread starvation or clock leap detected (housekeeper delta=17m12s707ms).
2025-07-09T00:38:23.254-05:00  WARN 6293 --- [spring-boot-3-spring-security-different-pw-algorithm-poc] [HikariPool-1:housekeeper] com.zaxxer.hikari.pool.HikariPool        : HikariPool-1 - Thread starvation or clock leap detected (housekeeper delta=17m8s828ms).
2025-07-09T00:54:08.166-05:00  WARN 6293 --- [spring-boot-3-spring-security-different-pw-algorithm-poc] [HikariPool-1:housekeeper] com.zaxxer.hikari.pool.HikariPool        : HikariPool-1 - Thread starvation or clock leap detected (housekeeper delta=15m44s912ms).
2025-07-09T01:04:04.940-05:00  WARN 6293 --- [spring-boot-3-spring-security-different-pw-algorithm-poc] [HikariPool-1:housekeeper] com.zaxxer.hikari.pool.HikariPool        : HikariPool-1 - Thread starvation or clock leap detected (housekeeper delta=9m26s765ms).
2025-07-09T01:20:27.797-05:00  WARN 6293 --- [spring-boot-3-spring-security-different-pw-algorithm-poc] [HikariPool-1:housekeeper] com.zaxxer.hikari.pool.HikariPool        : HikariPool-1 - Thread starvation or clock leap detected (housekeeper delta=15m52s852ms).
2025-07-09T01:37:34.469-05:00  WARN 6293 --- [spring-boot-3-spring-security-different-pw-algorithm-poc] [HikariPool-1:housekeeper] com.zaxxer.hikari.pool.HikariPool        : HikariPool-1 - Thread starvation or clock leap detected (housekeeper delta=16m36s665ms).
2025-07-09T01:49:33.340-05:00  WARN 6293 --- [spring-boot-3-spring-security-different-pw-algorithm-poc] [HikariPool-1:housekeeper] com.zaxxer.hikari.pool.HikariPool        : HikariPool-1 - Thread starvation or clock leap detected (housekeeper delta=11m58s871ms).
2025-07-09T02:05:08.037-05:00  WARN 6293 --- [spring-boot-3-spring-security-different-pw-algorithm-poc] [HikariPool-1:housekeeper] com.zaxxer.hikari.pool.HikariPool        : HikariPool-1 - Thread starvation or clock leap detected (housekeeper delta=15m4s693ms).
2025-07-09T02:22:00.826-05:00  WARN 6293 --- [spring-boot-3-spring-security-different-pw-algorithm-poc] [HikariPool-1:housekeeper] com.zaxxer.hikari.pool.HikariPool        : HikariPool-1 - Thread starvation or clock leap detected (housekeeper delta=16m22s802ms).
2025-07-09T02:38:08.633-05:00  WARN 6293 --- [spring-boot-3-spring-security-different-pw-algorithm-poc] [HikariPool-1:housekeeper] com.zaxxer.hikari.pool.HikariPool        : HikariPool-1 - Thread starvation or clock leap detected (housekeeper delta=15m37s794ms).
2025-07-09T02:54:36.424-05:00  WARN 6293 --- [spring-boot-3-spring-security-different-pw-algorithm-poc] [HikariPool-1:housekeeper] com.zaxxer.hikari.pool.HikariPool        : HikariPool-1 - Thread starvation or clock leap detected (housekeeper delta=16m27s791ms).
2025-07-09T03:06:11.328-05:00  WARN 6293 --- [spring-boot-3-spring-security-different-pw-algorithm-poc] [HikariPool-1:housekeeper] com.zaxxer.hikari.pool.HikariPool        : HikariPool-1 - Thread starvation or clock leap detected (housekeeper delta=11m4s909ms).
2025-07-09T03:25:19.881-05:00  WARN 6293 --- [spring-boot-3-spring-security-different-pw-algorithm-poc] [HikariPool-1:housekeeper] com.zaxxer.hikari.pool.HikariPool        : HikariPool-1 - Thread starvation or clock leap detected (housekeeper delta=18m8s528ms).
2025-07-09T03:44:16.107-05:00  WARN 6293 --- [spring-boot-3-spring-security-different-pw-algorithm-poc] [HikariPool-1:housekeeper] com.zaxxer.hikari.pool.HikariPool        : HikariPool-1 - Thread starvation or clock leap detected (housekeeper delta=18m25s804ms).
2025-07-09T04:02:46.978-05:00  WARN 6293 --- [spring-boot-3-spring-security-different-pw-algorithm-poc] [HikariPool-1:housekeeper] com.zaxxer.hikari.pool.HikariPool        : HikariPool-1 - Thread starvation or clock leap detected (housekeeper delta=18m864ms).
2025-07-09T04:07:24.059-05:00  WARN 6293 --- [spring-boot-3-spring-security-different-pw-algorithm-poc] [HikariPool-1:housekeeper] com.zaxxer.hikari.pool.HikariPool        : HikariPool-1 - Thread starvation or clock leap detected (housekeeper delta=4m7s64ms).
2025-07-09T04:22:57.850-05:00  WARN 6293 --- [spring-boot-3-spring-security-different-pw-algorithm-poc] [HikariPool-1:housekeeper] com.zaxxer.hikari.pool.HikariPool        : HikariPool-1 - Thread starvation or clock leap detected (housekeeper delta=15m33s791ms).
2025-07-09T04:41:26.837-05:00  WARN 6293 --- [spring-boot-3-spring-security-different-pw-algorithm-poc] [HikariPool-1:housekeeper] com.zaxxer.hikari.pool.HikariPool        : HikariPool-1 - Thread starvation or clock leap detected (housekeeper delta=17m58s970ms).
2025-07-09T04:58:53.388-05:00  WARN 6293 --- [spring-boot-3-spring-security-different-pw-algorithm-poc] [HikariPool-1:housekeeper] com.zaxxer.hikari.pool.HikariPool        : HikariPool-1 - Thread starvation or clock leap detected (housekeeper delta=16m56s547ms).
2025-07-09T05:08:27.189-05:00  WARN 6293 --- [spring-boot-3-spring-security-different-pw-algorithm-poc] [HikariPool-1:housekeeper] com.zaxxer.hikari.pool.HikariPool        : HikariPool-1 - Thread starvation or clock leap detected (housekeeper delta=9m3s790ms).
2025-07-09T05:24:46.110-05:00  WARN 6293 --- [spring-boot-3-spring-security-different-pw-algorithm-poc] [HikariPool-1:housekeeper] com.zaxxer.hikari.pool.HikariPool        : HikariPool-1 - Thread starvation or clock leap detected (housekeeper delta=16m18s921ms).
2025-07-09T05:41:22.907-05:00  WARN 6293 --- [spring-boot-3-spring-security-different-pw-algorithm-poc] [HikariPool-1:housekeeper] com.zaxxer.hikari.pool.HikariPool        : HikariPool-1 - Thread starvation or clock leap detected (housekeeper delta=16m6s802ms).
2025-07-09T05:56:34.840-05:00  WARN 6293 --- [spring-boot-3-spring-security-different-pw-algorithm-poc] [HikariPool-1:housekeeper] com.zaxxer.hikari.pool.HikariPool        : HikariPool-1 - Thread starvation or clock leap detected (housekeeper delta=14m41s905ms).
2025-07-09T07:35:12.875-05:00  INFO 6293 --- [spring-boot-3-spring-security-different-pw-algorithm-poc] [SpringApplicationShutdownHook] o.s.b.w.e.tomcat.GracefulShutdown        : Commencing graceful shutdown. Waiting for active requests to complete
2025-07-09T07:35:12.905-05:00  INFO 6293 --- [spring-boot-3-spring-security-different-pw-algorithm-poc] [tomcat-shutdown] o.s.b.w.e.tomcat.GracefulShutdown        : Graceful shutdown complete
2025-07-09T07:35:12.942-05:00  INFO 6293 --- [spring-boot-3-spring-security-different-pw-algorithm-poc] [SpringApplicationShutdownHook] j.LocalContainerEntityManagerFactoryBean : Closing JPA EntityManagerFactory for persistence unit 'default'
2025-07-09T07:35:12.982-05:00  INFO 6293 --- [spring-boot-3-spring-security-different-pw-algorithm-poc] [SpringApplicationShutdownHook] com.zaxxer.hikari.HikariDataSource       : HikariPool-1 - Shutdown initiated...
2025-07-09T07:35:12.988-05:00  INFO 6293 --- [spring-boot-3-spring-security-different-pw-algorithm-poc] [SpringApplicationShutdownHook] com.zaxxer.hikari.HikariDataSource       : HikariPool-1 - Shutdown completed.
2025-07-09T07:35:23.399-05:00  INFO 91418 --- [spring-boot-3-spring-security-different-pw-algorithm-poc] [main] yDifferentPwAlgorithmPocApplicationTests : Starting SpringBoot3SpringSecurityDifferentPwAlgorithmPocApplicationTests using Java 21.0.6 with PID 91418 (started by bdatta in /Users/bdatta/Documents/KEYCLOAK_UPGRADE/TokenExchange/spring-boot-3-spring-security-different-pw-algorithm-poc)
2025-07-09T07:35:23.400-05:00  INFO 91418 --- [spring-boot-3-spring-security-different-pw-algorithm-poc] [main] yDifferentPwAlgorithmPocApplicationTests : No active profile set, falling back to 1 default profile: "default"
2025-07-09T07:35:23.989-05:00  INFO 91418 --- [spring-boot-3-spring-security-different-pw-algorithm-poc] [main] .s.d.r.c.RepositoryConfigurationDelegate : Bootstrapping Spring Data JPA repositories in DEFAULT mode.
2025-07-09T07:35:24.038-05:00  INFO 91418 --- [spring-boot-3-spring-security-different-pw-algorithm-poc] [main] .s.d.r.c.RepositoryConfigurationDelegate : Finished Spring Data repository scanning in 40 ms. Found 1 JPA repository interface.
2025-07-09T07:35:24.486-05:00  INFO 91418 --- [spring-boot-3-spring-security-different-pw-algorithm-poc] [main] o.hibernate.jpa.internal.util.LogHelper  : HHH000204: Processing PersistenceUnitInfo [name: default]
2025-07-09T07:35:24.553-05:00  INFO 91418 --- [spring-boot-3-spring-security-different-pw-algorithm-poc] [main] org.hibernate.Version                    : HHH000412: Hibernate ORM core version 6.6.18.Final
2025-07-09T07:35:24.589-05:00  INFO 91418 --- [spring-boot-3-spring-security-different-pw-algorithm-poc] [main] o.h.c.internal.RegionFactoryInitiator    : HHH000026: Second-level cache disabled
2025-07-09T07:35:24.895-05:00  INFO 91418 --- [spring-boot-3-spring-security-different-pw-algorithm-poc] [main] o.s.o.j.p.SpringPersistenceUnitInfo      : No LoadTimeWeaver setup: ignoring JPA class transformer
2025-07-09T07:35:24.926-05:00  INFO 91418 --- [spring-boot-3-spring-security-different-pw-algorithm-poc] [main] com.zaxxer.hikari.HikariDataSource       : HikariPool-1 - Starting...
2025-07-09T07:35:25.343-05:00  INFO 91418 --- [spring-boot-3-spring-security-different-pw-algorithm-poc] [main] com.zaxxer.hikari.pool.HikariPool        : HikariPool-1 - Added connection com.mysql.cj.jdbc.ConnectionImpl@404009df
2025-07-09T07:35:25.346-05:00  INFO 91418 --- [spring-boot-3-spring-security-different-pw-algorithm-poc] [main] com.zaxxer.hikari.HikariDataSource       : HikariPool-1 - Start completed.
2025-07-09T07:35:25.435-05:00  WARN 91418 --- [spring-boot-3-spring-security-different-pw-algorithm-poc] [main] org.hibernate.orm.deprecation            : HHH90000025: MySQL8Dialect does not need to be specified explicitly using 'hibernate.dialect' (remove the property setting and it will be selected by default)
2025-07-09T07:35:25.436-05:00  WARN 91418 --- [spring-boot-3-spring-security-different-pw-algorithm-poc] [main] org.hibernate.orm.deprecation            : HHH90000026: MySQL8Dialect has been deprecated; use org.hibernate.dialect.MySQLDialect instead
2025-07-09T07:35:25.452-05:00  INFO 91418 --- [spring-boot-3-spring-security-different-pw-algorithm-poc] [main] org.hibernate.orm.connections.pooling    : HHH10001005: Database info:
	Database JDBC URL [Connecting through datasource 'HikariDataSource (HikariPool-1)']
	Database driver: undefined/unknown
	Database version: 8.0
	Autocommit mode: undefined/unknown
	Isolation level: undefined/unknown
	Minimum pool size: undefined/unknown
	Maximum pool size: undefined/unknown
2025-07-09T07:35:26.173-05:00  INFO 91418 --- [spring-boot-3-spring-security-different-pw-algorithm-poc] [main] o.h.e.t.j.p.i.JtaPlatformInitiator       : HHH000489: No JTA platform available (set 'hibernate.transaction.jta.platform' to enable JTA platform integration)
2025-07-09T07:35:26.333-05:00  INFO 91418 --- [spring-boot-3-spring-security-different-pw-algorithm-poc] [main] j.LocalContainerEntityManagerFactoryBean : Initialized JPA EntityManagerFactory for persistence unit 'default'
2025-07-09T07:35:26.562-05:00  WARN 91418 --- [spring-boot-3-spring-security-different-pw-algorithm-poc] [main] JpaBaseConfiguration$JpaWebConfiguration : spring.jpa.open-in-view is enabled by default. Therefore, database queries may be performed during view rendering. Explicitly configure spring.jpa.open-in-view to disable this warning
2025-07-09T07:35:26.771-05:00  INFO 91418 --- [spring-boot-3-spring-security-different-pw-algorithm-poc] [main] eAuthenticationProviderManagerConfigurer : Found 2 AuthenticationProvider beans, with names [customAuthenticationProvider, authProvider]. Global Authentication Manager will not be configured with AuthenticationProviders. Consider publishing a single AuthenticationProvider bean, or wiring your Providers directly using the DSL.
2025-07-09T07:35:27.165-05:00  INFO 91418 --- [spring-boot-3-spring-security-different-pw-algorithm-poc] [main] yDifferentPwAlgorithmPocApplicationTests : Started SpringBoot3SpringSecurityDifferentPwAlgorithmPocApplicationTests in 4.067 seconds (process running for 4.973)
2025-07-09T07:35:28.600-05:00  INFO 91418 --- [spring-boot-3-spring-security-different-pw-algorithm-poc] [SpringApplicationShutdownHook] j.LocalContainerEntityManagerFactoryBean : Closing JPA EntityManagerFactory for persistence unit 'default'
2025-07-09T07:35:28.603-05:00  INFO 91418 --- [spring-boot-3-spring-security-different-pw-algorithm-poc] [SpringApplicationShutdownHook] com.zaxxer.hikari.HikariDataSource       : HikariPool-1 - Shutdown initiated...
2025-07-09T07:35:28.612-05:00  INFO 91418 --- [spring-boot-3-spring-security-different-pw-algorithm-poc] [SpringApplicationShutdownHook] com.zaxxer.hikari.HikariDataSource       : HikariPool-1 - Shutdown completed.
2025-07-09T07:35:33.633-05:00  INFO 91431 --- [spring-boot-3-spring-security-different-pw-algorithm-poc] [main] curityDifferentPwAlgorithmPocApplication : Starting SpringBoot3SpringSecurityDifferentPwAlgorithmPocApplication v0.0.1-SNAPSHOT using Java 21.0.6 with PID 91431 (/Users/bdatta/Documents/KEYCLOAK_UPGRADE/TokenExchange/spring-boot-3-spring-security-different-pw-algorithm-poc/target/spring-boot-3-spring-security-different-pw-algorithm-poc-0.0.1-SNAPSHOT.jar started by bdatta in /Users/bdatta/Documents/KEYCLOAK_UPGRADE/TokenExchange/spring-boot-3-spring-security-different-pw-algorithm-poc)
2025-07-09T07:35:33.635-05:00  INFO 91431 --- [spring-boot-3-spring-security-different-pw-algorithm-poc] [main] curityDifferentPwAlgorithmPocApplication : No active profile set, falling back to 1 default profile: "default"
2025-07-09T07:35:34.217-05:00  INFO 91431 --- [spring-boot-3-spring-security-different-pw-algorithm-poc] [main] .s.d.r.c.RepositoryConfigurationDelegate : Bootstrapping Spring Data JPA repositories in DEFAULT mode.
2025-07-09T07:35:34.275-05:00  INFO 91431 --- [spring-boot-3-spring-security-different-pw-algorithm-poc] [main] .s.d.r.c.RepositoryConfigurationDelegate : Finished Spring Data repository scanning in 49 ms. Found 1 JPA repository interface.
2025-07-09T07:35:34.766-05:00  INFO 91431 --- [spring-boot-3-spring-security-different-pw-algorithm-poc] [main] o.s.b.w.embedded.tomcat.TomcatWebServer  : Tomcat initialized with port 9089 (http)
2025-07-09T07:35:34.782-05:00  INFO 91431 --- [spring-boot-3-spring-security-different-pw-algorithm-poc] [main] o.apache.catalina.core.StandardService   : Starting service [Tomcat]
2025-07-09T07:35:34.783-05:00  INFO 91431 --- [spring-boot-3-spring-security-different-pw-algorithm-poc] [main] o.apache.catalina.core.StandardEngine    : Starting Servlet engine: [Apache Tomcat/10.1.42]
2025-07-09T07:35:34.815-05:00  INFO 91431 --- [spring-boot-3-spring-security-different-pw-algorithm-poc] [main] o.a.c.c.C.[Tomcat].[localhost].[/]       : Initializing Spring embedded WebApplicationContext
2025-07-09T07:35:34.816-05:00  INFO 91431 --- [spring-boot-3-spring-security-different-pw-algorithm-poc] [main] w.s.c.ServletWebServerApplicationContext : Root WebApplicationContext: initialization completed in 1141 ms
2025-07-09T07:35:35.008-05:00  INFO 91431 --- [spring-boot-3-spring-security-different-pw-algorithm-poc] [main] o.hibernate.jpa.internal.util.LogHelper  : HHH000204: Processing PersistenceUnitInfo [name: default]
2025-07-09T07:35:35.064-05:00  INFO 91431 --- [spring-boot-3-spring-security-different-pw-algorithm-poc] [main] org.hibernate.Version                    : HHH000412: Hibernate ORM core version 6.6.18.Final
2025-07-09T07:35:35.098-05:00  INFO 91431 --- [spring-boot-3-spring-security-different-pw-algorithm-poc] [main] o.h.c.internal.RegionFactoryInitiator    : HHH000026: Second-level cache disabled
2025-07-09T07:35:35.367-05:00  INFO 91431 --- [spring-boot-3-spring-security-different-pw-algorithm-poc] [main] o.s.o.j.p.SpringPersistenceUnitInfo      : No LoadTimeWeaver setup: ignoring JPA class transformer
2025-07-09T07:35:35.399-05:00  INFO 91431 --- [spring-boot-3-spring-security-different-pw-algorithm-poc] [main] com.zaxxer.hikari.HikariDataSource       : HikariPool-1 - Starting...
2025-07-09T07:35:35.782-05:00  INFO 91431 --- [spring-boot-3-spring-security-different-pw-algorithm-poc] [main] com.zaxxer.hikari.pool.HikariPool        : HikariPool-1 - Added connection com.mysql.cj.jdbc.ConnectionImpl@4b09d1c3
2025-07-09T07:35:35.784-05:00  INFO 91431 --- [spring-boot-3-spring-security-different-pw-algorithm-poc] [main] com.zaxxer.hikari.HikariDataSource       : HikariPool-1 - Start completed.
2025-07-09T07:35:35.823-05:00  WARN 91431 --- [spring-boot-3-spring-security-different-pw-algorithm-poc] [main] org.hibernate.orm.deprecation            : HHH90000025: MySQL8Dialect does not need to be specified explicitly using 'hibernate.dialect' (remove the property setting and it will be selected by default)
2025-07-09T07:35:35.824-05:00  WARN 91431 --- [spring-boot-3-spring-security-different-pw-algorithm-poc] [main] org.hibernate.orm.deprecation            : HHH90000026: MySQL8Dialect has been deprecated; use org.hibernate.dialect.MySQLDialect instead
2025-07-09T07:35:35.840-05:00  INFO 91431 --- [spring-boot-3-spring-security-different-pw-algorithm-poc] [main] org.hibernate.orm.connections.pooling    : HHH10001005: Database info:
	Database JDBC URL [Connecting through datasource 'HikariDataSource (HikariPool-1)']
	Database driver: undefined/unknown
	Database version: 8.0
	Autocommit mode: undefined/unknown
	Isolation level: undefined/unknown
	Minimum pool size: undefined/unknown
	Maximum pool size: undefined/unknown
2025-07-09T07:35:36.499-05:00  INFO 91431 --- [spring-boot-3-spring-security-different-pw-algorithm-poc] [main] o.h.e.t.j.p.i.JtaPlatformInitiator       : HHH000489: No JTA platform available (set 'hibernate.transaction.jta.platform' to enable JTA platform integration)
2025-07-09T07:35:36.553-05:00  INFO 91431 --- [spring-boot-3-spring-security-different-pw-algorithm-poc] [main] j.LocalContainerEntityManagerFactoryBean : Initialized JPA EntityManagerFactory for persistence unit 'default'
2025-07-09T07:35:36.788-05:00  WARN 91431 --- [spring-boot-3-spring-security-different-pw-algorithm-poc] [main] JpaBaseConfiguration$JpaWebConfiguration : spring.jpa.open-in-view is enabled by default. Therefore, database queries may be performed during view rendering. Explicitly configure spring.jpa.open-in-view to disable this warning
2025-07-09T07:35:36.971-05:00  INFO 91431 --- [spring-boot-3-spring-security-different-pw-algorithm-poc] [main] eAuthenticationProviderManagerConfigurer : Found 2 AuthenticationProvider beans, with names [customAuthenticationProvider, authProvider]. Global Authentication Manager will not be configured with AuthenticationProviders. Consider publishing a single AuthenticationProvider bean, or wiring your Providers directly using the DSL.
2025-07-09T07:35:37.302-05:00  INFO 91431 --- [spring-boot-3-spring-security-different-pw-algorithm-poc] [main] o.s.b.w.embedded.tomcat.TomcatWebServer  : Tomcat started on port 9089 (http) with context path '/'
2025-07-09T07:35:37.318-05:00  INFO 91431 --- [spring-boot-3-spring-security-different-pw-algorithm-poc] [main] curityDifferentPwAlgorithmPocApplication : Started SpringBoot3SpringSecurityDifferentPwAlgorithmPocApplication in 4.12 seconds (process running for 4.592)
2025-07-09T07:35:48.414-05:00  INFO 91431 --- [spring-boot-3-spring-security-different-pw-algorithm-poc] [http-nio-9089-exec-1] o.a.c.c.C.[Tomcat].[localhost].[/]       : Initializing Spring DispatcherServlet 'dispatcherServlet'
2025-07-09T07:35:48.414-05:00  INFO 91431 --- [spring-boot-3-spring-security-different-pw-algorithm-poc] [http-nio-9089-exec-1] o.s.web.servlet.DispatcherServlet        : Initializing Servlet 'dispatcherServlet'
2025-07-09T07:35:48.417-05:00  INFO 91431 --- [spring-boot-3-spring-security-different-pw-algorithm-poc] [http-nio-9089-exec-1] o.s.web.servlet.DispatcherServlet        : Completed initialization in 2 ms
2025-07-09T11:24:56.778-05:00  INFO 91431 --- [spring-boot-3-spring-security-different-pw-algorithm-poc] [SpringApplicationShutdownHook] o.s.b.w.e.tomcat.GracefulShutdown        : Commencing graceful shutdown. Waiting for active requests to complete
2025-07-09T11:24:56.877-05:00  INFO 91431 --- [spring-boot-3-spring-security-different-pw-algorithm-poc] [tomcat-shutdown] o.s.b.w.e.tomcat.GracefulShutdown        : Graceful shutdown complete
2025-07-09T11:24:57.290-05:00  INFO 91431 --- [spring-boot-3-spring-security-different-pw-algorithm-poc] [SpringApplicationShutdownHook] j.LocalContainerEntityManagerFactoryBean : Closing JPA EntityManagerFactory for persistence unit 'default'
2025-07-09T11:24:57.361-05:00  INFO 91431 --- [spring-boot-3-spring-security-different-pw-algorithm-poc] [SpringApplicationShutdownHook] com.zaxxer.hikari.HikariDataSource       : HikariPool-1 - Shutdown initiated...
2025-07-09T11:24:57.381-05:00  INFO 91431 --- [spring-boot-3-spring-security-different-pw-algorithm-poc] [SpringApplicationShutdownHook] com.zaxxer.hikari.HikariDataSource       : HikariPool-1 - Shutdown completed.
2025-07-09T11:29:35.636-05:00  INFO 13315 --- [spring-boot-3-spring-security-different-pw-algorithm-poc] [main] yDifferentPwAlgorithmPocApplicationTests : Starting SpringBoot3SpringSecurityDifferentPwAlgorithmPocApplicationTests using Java 21.0.6 with PID 13315 (started by bdatta in /Users/bdatta/Documents/KEYCLOAK_UPGRADE/TokenExchange/spring-boot-3-spring-security-different-pw-algorithm-poc)
2025-07-09T11:29:35.637-05:00  INFO 13315 --- [spring-boot-3-spring-security-different-pw-algorithm-poc] [main] yDifferentPwAlgorithmPocApplicationTests : No active profile set, falling back to 1 default profile: "default"
2025-07-09T11:29:36.265-05:00  INFO 13315 --- [spring-boot-3-spring-security-different-pw-algorithm-poc] [main] .s.d.r.c.RepositoryConfigurationDelegate : Bootstrapping Spring Data JPA repositories in DEFAULT mode.
2025-07-09T11:29:36.318-05:00  INFO 13315 --- [spring-boot-3-spring-security-different-pw-algorithm-poc] [main] .s.d.r.c.RepositoryConfigurationDelegate : Finished Spring Data repository scanning in 43 ms. Found 1 JPA repository interface.
2025-07-09T11:29:36.793-05:00  INFO 13315 --- [spring-boot-3-spring-security-different-pw-algorithm-poc] [main] o.hibernate.jpa.internal.util.LogHelper  : HHH000204: Processing PersistenceUnitInfo [name: default]
2025-07-09T11:29:36.867-05:00  INFO 13315 --- [spring-boot-3-spring-security-different-pw-algorithm-poc] [main] org.hibernate.Version                    : HHH000412: Hibernate ORM core version 6.6.18.Final
2025-07-09T11:29:36.901-05:00  INFO 13315 --- [spring-boot-3-spring-security-different-pw-algorithm-poc] [main] o.h.c.internal.RegionFactoryInitiator    : HHH000026: Second-level cache disabled
2025-07-09T11:29:37.242-05:00  INFO 13315 --- [spring-boot-3-spring-security-different-pw-algorithm-poc] [main] o.s.o.j.p.SpringPersistenceUnitInfo      : No LoadTimeWeaver setup: ignoring JPA class transformer
2025-07-09T11:29:37.273-05:00  INFO 13315 --- [spring-boot-3-spring-security-different-pw-algorithm-poc] [main] com.zaxxer.hikari.HikariDataSource       : HikariPool-1 - Starting...
2025-07-09T11:29:37.635-05:00  INFO 13315 --- [spring-boot-3-spring-security-different-pw-algorithm-poc] [main] com.zaxxer.hikari.pool.HikariPool        : HikariPool-1 - Added connection com.mysql.cj.jdbc.ConnectionImpl@537b3be1
2025-07-09T11:29:37.637-05:00  INFO 13315 --- [spring-boot-3-spring-security-different-pw-algorithm-poc] [main] com.zaxxer.hikari.HikariDataSource       : HikariPool-1 - Start completed.
2025-07-09T11:29:37.694-05:00  WARN 13315 --- [spring-boot-3-spring-security-different-pw-algorithm-poc] [main] org.hibernate.orm.deprecation            : HHH90000025: MySQL8Dialect does not need to be specified explicitly using 'hibernate.dialect' (remove the property setting and it will be selected by default)
2025-07-09T11:29:37.695-05:00  WARN 13315 --- [spring-boot-3-spring-security-different-pw-algorithm-poc] [main] org.hibernate.orm.deprecation            : HHH90000026: MySQL8Dialect has been deprecated; use org.hibernate.dialect.MySQLDialect instead
2025-07-09T11:29:37.711-05:00  INFO 13315 --- [spring-boot-3-spring-security-different-pw-algorithm-poc] [main] org.hibernate.orm.connections.pooling    : HHH10001005: Database info:
	Database JDBC URL [Connecting through datasource 'HikariDataSource (HikariPool-1)']
	Database driver: undefined/unknown
	Database version: 8.0
	Autocommit mode: undefined/unknown
	Isolation level: undefined/unknown
	Minimum pool size: undefined/unknown
	Maximum pool size: undefined/unknown
2025-07-09T11:29:38.391-05:00  INFO 13315 --- [spring-boot-3-spring-security-different-pw-algorithm-poc] [main] o.h.e.t.j.p.i.JtaPlatformInitiator       : HHH000489: No JTA platform available (set 'hibernate.transaction.jta.platform' to enable JTA platform integration)
2025-07-09T11:29:38.522-05:00  INFO 13315 --- [spring-boot-3-spring-security-different-pw-algorithm-poc] [main] j.LocalContainerEntityManagerFactoryBean : Initialized JPA EntityManagerFactory for persistence unit 'default'
2025-07-09T11:29:38.759-05:00  WARN 13315 --- [spring-boot-3-spring-security-different-pw-algorithm-poc] [main] JpaBaseConfiguration$JpaWebConfiguration : spring.jpa.open-in-view is enabled by default. Therefore, database queries may be performed during view rendering. Explicitly configure spring.jpa.open-in-view to disable this warning
2025-07-09T11:29:39.018-05:00  INFO 13315 --- [spring-boot-3-spring-security-different-pw-algorithm-poc] [main] eAuthenticationProviderManagerConfigurer : Found 2 AuthenticationProvider beans, with names [customAuthenticationProvider, authProvider]. Global Authentication Manager will not be configured with AuthenticationProviders. Consider publishing a single AuthenticationProvider bean, or wiring your Providers directly using the DSL.
2025-07-09T11:29:39.518-05:00  INFO 13315 --- [spring-boot-3-spring-security-different-pw-algorithm-poc] [main] yDifferentPwAlgorithmPocApplicationTests : Started SpringBoot3SpringSecurityDifferentPwAlgorithmPocApplicationTests in 4.224 seconds (process running for 5.201)
2025-07-09T11:29:40.824-05:00  INFO 13315 --- [spring-boot-3-spring-security-different-pw-algorithm-poc] [SpringApplicationShutdownHook] j.LocalContainerEntityManagerFactoryBean : Closing JPA EntityManagerFactory for persistence unit 'default'
2025-07-09T11:29:40.827-05:00  INFO 13315 --- [spring-boot-3-spring-security-different-pw-algorithm-poc] [SpringApplicationShutdownHook] com.zaxxer.hikari.HikariDataSource       : HikariPool-1 - Shutdown initiated...
2025-07-09T11:29:40.837-05:00  INFO 13315 --- [spring-boot-3-spring-security-different-pw-algorithm-poc] [SpringApplicationShutdownHook] com.zaxxer.hikari.HikariDataSource       : HikariPool-1 - Shutdown completed.
2025-07-09T11:30:35.590-05:00  INFO 13445 --- [spring-boot-3-spring-security-different-pw-algorithm-poc] [main] curityDifferentPwAlgorithmPocApplication : Starting SpringBoot3SpringSecurityDifferentPwAlgorithmPocApplication v0.0.1-SNAPSHOT using Java 21.0.6 with PID 13445 (/Users/bdatta/Documents/KEYCLOAK_UPGRADE/TokenExchange/spring-boot-3-spring-security-different-pw-algorithm-poc/target/spring-boot-3-spring-security-different-pw-algorithm-poc-0.0.1-SNAPSHOT.jar started by bdatta in /Users/bdatta/Documents/KEYCLOAK_UPGRADE/TokenExchange/spring-boot-3-spring-security-different-pw-algorithm-poc)
2025-07-09T11:30:35.593-05:00  INFO 13445 --- [spring-boot-3-spring-security-different-pw-algorithm-poc] [main] curityDifferentPwAlgorithmPocApplication : No active profile set, falling back to 1 default profile: "default"
2025-07-09T11:30:36.322-05:00  INFO 13445 --- [spring-boot-3-spring-security-different-pw-algorithm-poc] [main] .s.d.r.c.RepositoryConfigurationDelegate : Bootstrapping Spring Data JPA repositories in DEFAULT mode.
2025-07-09T11:30:36.383-05:00  INFO 13445 --- [spring-boot-3-spring-security-different-pw-algorithm-poc] [main] .s.d.r.c.RepositoryConfigurationDelegate : Finished Spring Data repository scanning in 51 ms. Found 1 JPA repository interface.
2025-07-09T11:30:36.957-05:00  INFO 13445 --- [spring-boot-3-spring-security-different-pw-algorithm-poc] [main] o.s.b.w.embedded.tomcat.TomcatWebServer  : Tomcat initialized with port 9089 (http)
2025-07-09T11:30:36.972-05:00  INFO 13445 --- [spring-boot-3-spring-security-different-pw-algorithm-poc] [main] o.apache.catalina.core.StandardService   : Starting service [Tomcat]
2025-07-09T11:30:36.972-05:00  INFO 13445 --- [spring-boot-3-spring-security-different-pw-algorithm-poc] [main] o.apache.catalina.core.StandardEngine    : Starting Servlet engine: [Apache Tomcat/10.1.42]
2025-07-09T11:30:37.002-05:00  INFO 13445 --- [spring-boot-3-spring-security-different-pw-algorithm-poc] [main] o.a.c.c.C.[Tomcat].[localhost].[/]       : Initializing Spring embedded WebApplicationContext
2025-07-09T11:30:37.002-05:00  INFO 13445 --- [spring-boot-3-spring-security-different-pw-algorithm-poc] [main] w.s.c.ServletWebServerApplicationContext : Root WebApplicationContext: initialization completed in 1368 ms
2025-07-09T11:30:37.181-05:00  INFO 13445 --- [spring-boot-3-spring-security-different-pw-algorithm-poc] [main] o.hibernate.jpa.internal.util.LogHelper  : HHH000204: Processing PersistenceUnitInfo [name: default]
2025-07-09T11:30:37.242-05:00  INFO 13445 --- [spring-boot-3-spring-security-different-pw-algorithm-poc] [main] org.hibernate.Version                    : HHH000412: Hibernate ORM core version 6.6.18.Final
2025-07-09T11:30:37.275-05:00  INFO 13445 --- [spring-boot-3-spring-security-different-pw-algorithm-poc] [main] o.h.c.internal.RegionFactoryInitiator    : HHH000026: Second-level cache disabled
2025-07-09T11:30:37.576-05:00  INFO 13445 --- [spring-boot-3-spring-security-different-pw-algorithm-poc] [main] o.s.o.j.p.SpringPersistenceUnitInfo      : No LoadTimeWeaver setup: ignoring JPA class transformer
2025-07-09T11:30:37.608-05:00  INFO 13445 --- [spring-boot-3-spring-security-different-pw-algorithm-poc] [main] com.zaxxer.hikari.HikariDataSource       : HikariPool-1 - Starting...
2025-07-09T11:30:38.019-05:00  INFO 13445 --- [spring-boot-3-spring-security-different-pw-algorithm-poc] [main] com.zaxxer.hikari.pool.HikariPool        : HikariPool-1 - Added connection com.mysql.cj.jdbc.ConnectionImpl@76ffc17c
2025-07-09T11:30:38.021-05:00  INFO 13445 --- [spring-boot-3-spring-security-different-pw-algorithm-poc] [main] com.zaxxer.hikari.HikariDataSource       : HikariPool-1 - Start completed.
2025-07-09T11:30:38.068-05:00  WARN 13445 --- [spring-boot-3-spring-security-different-pw-algorithm-poc] [main] org.hibernate.orm.deprecation            : HHH90000025: MySQL8Dialect does not need to be specified explicitly using 'hibernate.dialect' (remove the property setting and it will be selected by default)
2025-07-09T11:30:38.069-05:00  WARN 13445 --- [spring-boot-3-spring-security-different-pw-algorithm-poc] [main] org.hibernate.orm.deprecation            : HHH90000026: MySQL8Dialect has been deprecated; use org.hibernate.dialect.MySQLDialect instead
2025-07-09T11:30:38.087-05:00  INFO 13445 --- [spring-boot-3-spring-security-different-pw-algorithm-poc] [main] org.hibernate.orm.connections.pooling    : HHH10001005: Database info:
	Database JDBC URL [Connecting through datasource 'HikariDataSource (HikariPool-1)']
	Database driver: undefined/unknown
	Database version: 8.0
	Autocommit mode: undefined/unknown
	Isolation level: undefined/unknown
	Minimum pool size: undefined/unknown
	Maximum pool size: undefined/unknown
2025-07-09T11:30:38.770-05:00  INFO 13445 --- [spring-boot-3-spring-security-different-pw-algorithm-poc] [main] o.h.e.t.j.p.i.JtaPlatformInitiator       : HHH000489: No JTA platform available (set 'hibernate.transaction.jta.platform' to enable JTA platform integration)
2025-07-09T11:30:38.821-05:00  INFO 13445 --- [spring-boot-3-spring-security-different-pw-algorithm-poc] [main] j.LocalContainerEntityManagerFactoryBean : Initialized JPA EntityManagerFactory for persistence unit 'default'
2025-07-09T11:30:39.090-05:00  WARN 13445 --- [spring-boot-3-spring-security-different-pw-algorithm-poc] [main] JpaBaseConfiguration$JpaWebConfiguration : spring.jpa.open-in-view is enabled by default. Therefore, database queries may be performed during view rendering. Explicitly configure spring.jpa.open-in-view to disable this warning
2025-07-09T11:30:39.315-05:00  INFO 13445 --- [spring-boot-3-spring-security-different-pw-algorithm-poc] [main] eAuthenticationProviderManagerConfigurer : Found 2 AuthenticationProvider beans, with names [customAuthenticationProvider, authProvider]. Global Authentication Manager will not be configured with AuthenticationProviders. Consider publishing a single AuthenticationProvider bean, or wiring your Providers directly using the DSL.
2025-07-09T11:30:39.689-05:00  INFO 13445 --- [spring-boot-3-spring-security-different-pw-algorithm-poc] [main] o.s.b.w.embedded.tomcat.TomcatWebServer  : Tomcat started on port 9089 (http) with context path '/'
2025-07-09T11:30:39.708-05:00  INFO 13445 --- [spring-boot-3-spring-security-different-pw-algorithm-poc] [main] curityDifferentPwAlgorithmPocApplication : Started SpringBoot3SpringSecurityDifferentPwAlgorithmPocApplication in 4.629 seconds (process running for 5.125)
2025-07-09T11:31:23.843-05:00  INFO 13445 --- [spring-boot-3-spring-security-different-pw-algorithm-poc] [http-nio-9089-exec-1] o.a.c.c.C.[Tomcat].[localhost].[/]       : Initializing Spring DispatcherServlet 'dispatcherServlet'
2025-07-09T11:31:23.844-05:00  INFO 13445 --- [spring-boot-3-spring-security-different-pw-algorithm-poc] [http-nio-9089-exec-1] o.s.web.servlet.DispatcherServlet        : Initializing Servlet 'dispatcherServlet'
2025-07-09T11:31:23.847-05:00  INFO 13445 --- [spring-boot-3-spring-security-different-pw-algorithm-poc] [http-nio-9089-exec-1] o.s.web.servlet.DispatcherServlet        : Completed initialization in 2 ms
2025-07-09T11:38:39.160-05:00  INFO 13445 --- [spring-boot-3-spring-security-different-pw-algorithm-poc] [SpringApplicationShutdownHook] o.s.b.w.e.tomcat.GracefulShutdown        : Commencing graceful shutdown. Waiting for active requests to complete
2025-07-09T11:38:39.183-05:00  INFO 13445 --- [spring-boot-3-spring-security-different-pw-algorithm-poc] [tomcat-shutdown] o.s.b.w.e.tomcat.GracefulShutdown        : Graceful shutdown complete
2025-07-09T11:38:39.201-05:00  INFO 13445 --- [spring-boot-3-spring-security-different-pw-algorithm-poc] [SpringApplicationShutdownHook] j.LocalContainerEntityManagerFactoryBean : Closing JPA EntityManagerFactory for persistence unit 'default'
2025-07-09T11:38:39.232-05:00  INFO 13445 --- [spring-boot-3-spring-security-different-pw-algorithm-poc] [SpringApplicationShutdownHook] com.zaxxer.hikari.HikariDataSource       : HikariPool-1 - Shutdown initiated...
2025-07-09T11:38:39.261-05:00  INFO 13445 --- [spring-boot-3-spring-security-different-pw-algorithm-poc] [SpringApplicationShutdownHook] com.zaxxer.hikari.HikariDataSource       : HikariPool-1 - Shutdown completed.
